# JRE version: Java(TM) SE Runtime Environment (8.0_161-b12) (build 1.8.0_161-b12)
# Java VM: Java HotSpot(TM) 64-Bit Server VM (25.161-b12 mixed mode windows-amd64 compressed oops)
Heap:
 PSYoungGen      total 28160K, used 19702K [0x00000000e0b80000, 0x00000000e2a80000, 0x0000000100000000)
  eden space 24576K, 65% used [0x00000000e0b80000,0x00000000e1b432f8,0x00000000e2380000)
  from space 3584K, 99% used [0x00000000e2380000,0x00000000e26fa630,0x00000000e2700000)
  to   space 3584K, 0% used [0x00000000e2700000,0x00000000e2700000,0x00000000e2a80000)
 ParOldGen       total 64512K, used 4566K [0x00000000a2200000, 0x00000000a6100000, 0x00000000e0b80000)
  object space 64512K, 7% used [0x00000000a2200000,0x00000000a2675ab0,0x00000000a6100000)
 Metaspace       used 16226K, capacity 16452K, committed 16640K, reserved 1062912K
  class space    used 2205K, capacity 2284K, committed 2304K, reserved 1048576K
GC Heap History (6 events):
Event: 12.664 GC heap before
{Heap before GC invocations=1 (full 0):
 PSYoungGen      total 28160K, used 24576K [0x00000000e0b80000, 0x00000000e2a80000, 0x0000000100000000)
  eden space 24576K, 100% used [0x00000000e0b80000,0x00000000e2380000,0x00000000e2380000)
  from space 3584K, 0% used [0x00000000e2700000,0x00000000e2700000,0x00000000e2a80000)
  to   space 3584K, 0% used [0x00000000e2380000,0x00000000e2380000,0x00000000e2700000)
 ParOldGen       total 64512K, used 0K [0x00000000a2200000, 0x00000000a6100000, 0x00000000e0b80000)
  object space 64512K, 0% used [0x00000000a2200000,0x00000000a2200000,0x00000000a6100000)
 Metaspace       used 8664K, capacity 8876K, committed 9216K, reserved 1056768K
  class space    used 1125K, capacity 1188K, committed 1280K, reserved 1048576K
Event: 12.697 GC heap after
Heap after GC invocations=1 (full 0):
 PSYoungGen      total 28160K, used 3564K [0x00000000e0b80000, 0x00000000e2a80000, 0x0000000100000000)
  eden space 24576K, 0% used [0x00000000e0b80000,0x00000000e0b80000,0x00000000e2380000)
  from space 3584K, 99% used [0x00000000e2380000,0x00000000e26fb228,0x00000000e2700000)
  to   space 3584K, 0% used [0x00000000e2700000,0x00000000e2700000,0x00000000e2a80000)
 ParOldGen       total 64512K, used 1353K [0x00000000a2200000, 0x00000000a6100000, 0x00000000e0b80000)
  object space 64512K, 2% used [0x00000000a2200000,0x00000000a2352450,0x00000000a6100000)
 Metaspace       used 8664K, capacity 8876K, committed 9216K, reserved 1056768K
  class space    used 1125K, capacity 1188K, committed 1280K, reserved 1048576K
}
Event: 33.709 GC heap before
{Heap before GC invocations=2 (full 0):
 PSYoungGen      total 28160K, used 28140K [0x00000000e0b80000, 0x00000000e2a80000, 0x0000000100000000)
  eden space 24576K, 100% used [0x00000000e0b80000,0x00000000e2380000,0x00000000e2380000)
  from space 3584K, 99% used [0x00000000e2380000,0x00000000e26fb228,0x00000000e2700000)
  to   space 3584K, 0% used [0x00000000e2700000,0x00000000e2700000,0x00000000e2a80000)
 ParOldGen       total 64512K, used 1353K [0x00000000a2200000, 0x00000000a6100000, 0x00000000e0b80000)
  object space 64512K, 2% used [0x00000000a2200000,0x00000000a2352450,0x00000000a6100000)
 Metaspace       used 9375K, capacity 9668K, committed 9856K, reserved 1058816K
  class space    used 1250K, capacity 1324K, committed 1408K, reserved 1048576K
Event: 33.745 GC heap after
Heap after GC invocations=2 (full 0):
 PSYoungGen      total 28160K, used 3554K [0x00000000e0b80000, 0x00000000e2a80000, 0x0000000100000000)
  eden space 24576K, 0% used [0x00000000e0b80000,0x00000000e0b80000,0x00000000e2380000)
  from space 3584K, 99% used [0x00000000e2700000,0x00000000e2a78990,0x00000000e2a80000)
  to   space 3584K, 0% used [0x00000000e2380000,0x00000000e2380000,0x00000000e2700000)
 ParOldGen       total 64512K, used 1484K [0x00000000a2200000, 0x00000000a6100000, 0x00000000e0b80000)
  object space 64512K, 2% used [0x00000000a2200000,0x00000000a23732a8,0x00000000a6100000)
 Metaspace       used 9375K, capacity 9668K, committed 9856K, reserved 1058816K
  class space    used 1250K, capacity 1324K, committed 1408K, reserved 1048576K
}
Event: 35.567 GC heap before
{Heap before GC invocations=3 (full 0):
 PSYoungGen      total 28160K, used 28130K [0x00000000e0b80000, 0x00000000e2a80000, 0x0000000100000000)
  eden space 24576K, 100% used [0x00000000e0b80000,0x00000000e2380000,0x00000000e2380000)
  from space 3584K, 99% used [0x00000000e2700000,0x00000000e2a78990,0x00000000e2a80000)
  to   space 3584K, 0% used [0x00000000e2380000,0x00000000e2380000,0x00000000e2700000)
 ParOldGen       total 64512K, used 1484K [0x00000000a2200000, 0x00000000a6100000, 0x00000000e0b80000)
  object space 64512K, 2% used [0x00000000a2200000,0x00000000a23732a8,0x00000000a6100000)
 Metaspace       used 13275K, capacity 13508K, committed 13696K, reserved 1060864K
  class space    used 1746K, capacity 1836K, committed 1920K, reserved 1048576K
Event: 35.585 GC heap after
Heap after GC invocations=3 (full 0):
 PSYoungGen      total 28160K, used 3561K [0x00000000e0b80000, 0x00000000e2a80000, 0x0000000100000000)
  eden space 24576K, 0% used [0x00000000e0b80000,0x00000000e0b80000,0x00000000e2380000)
  from space 3584K, 99% used [0x00000000e2380000,0x00000000e26fa630,0x00000000e2700000)
  to   space 3584K, 0% used [0x00000000e2700000,0x00000000e2700000,0x00000000e2a80000)
 ParOldGen       total 64512K, used 4566K [0x00000000a2200000, 0x00000000a6100000, 0x00000000e0b80000)
  object space 64512K, 7% used [0x00000000a2200000,0x00000000a2675ab0,0x00000000a6100000)
 Metaspace       used 13275K, capacity 13508K, committed 13696K, reserved 1060864K
  class space    used 1746K, capacity 1836K, committed 1920K, reserved 1048576K
}

